[trangtran/index.html]
[backblue.gif]
[fade.gif]
[index.html]
[cdn.biihappy.com/ziiweb/website/images/7ed92e05c070ba9a57379c9e4b0ea25e.jpg]
[trangtran/templates/template135/css/libs.css]
[trangtran/templates/template135/css/style.css]
[trangtran/common/calendar484d.css]
[cdn.biihappy.com/ziiweb/website/images/templates/9f96b918758557fd2af6faa63a7cd6f3.jpg]
[trangtran/templates/template135/img/main_title.png]
[cdn.biihappy.com/ziiweb/images/static/common/wishes.png]
[trangtran/rsvp.html]
[cdn.biihappy.com/ziiweb/images/static/common/rsvp4.png]
[cdn.biihappy.com/ziiweb/images/static/common/money_bag.png]
[cdn.biihappy.com/ziiweb/website/images/galleries/671e196ac905ba67e70da578.jpg]
[cdn.biihappy.com/ziiweb/website/images/galleries/671e10d90b944ebb470a956f.jpg]
[cdn.biihappy.com/ziiweb/website/images/galleries/671e10fc84f617eee101def4.jpg]
[cdn.biihappy.com/ziiweb/website/images/galleries/671e10f0c905ba67e70da575.jpg]
[cdn.biihappy.com/ziiweb/website/images/galleries/671e10b777f47b1c6b0e1d08.jpg]
[cdn.biihappy.com/ziiweb/website/images/galleries/671e10a80347d786720f5a98.jpg]
[cdn.biihappy.com/ziiweb/website/images/galleries/671e109a50c694b588024dc7.jpg]
[cdn.biihappy.com/ziiweb/website/images/galleries/671e108cb53b22d3490c5c44.jpg]
[cdn.biihappy.com/ziiweb/website/images/galleries/671e1073c905ba67e70da574.jpg]
[cdn.biihappy.com/ziiweb/website/images/galleries/671e107f654deb6c4b0674ca.jpg]
[cdn.biihappy.com/ziiweb/website/images/templates/e5109b26ee0a64bac6932ac7e2414fea.jpg]
[cdn.biihappy.com/ziiweb/website/images/72a6f6ddf12eff535519940b5c3ecd0a.jpg]
[cdn.biihappy.com/ziiweb/website/images/55b1ae4c3d3bf928757ba6cf7769b42e.jpg]
[cdn.biihappy.com/ziiweb/website/images/a1c297f5f1f9afcadfbcb20833d03c52.jpg]
[cdn.biihappy.com/ziiweb/website/images/56cc53add6c98324c9f32dfdcb2bb6d3.jpg]
[cdn.biihappy.com/ziiweb/website/images/2ba3268fad8a0068a8bd4b5a2ee57e42.jpg]
[cdn.biihappy.com/ziiweb/website/images/362e24dad3f18dd3bc062fa6f2bdc418.jpg]
[cdn.biihappy.com/ziiweb/website/images/160830668e4fbe9525bb2de70f446100.jpg]
[cdn.biihappy.com/ziiweb/website/images/stk.jpg]
[trangtran/common/calendar484d.js]
[trangtran/common/biicommon.min484d.js]
[trangtran/templates/template135/js/libs.js]
[trangtran/templates/template135/js/script.js]
[trangtran/common/emoji-picker/js/insertTextAtCursor484d.js]
[trangtran/index.html]
[trangtran/common/emoji-picker/js/init484d.js]
[trangtran/templates/template135/fonts/bootstrap-iconsbf04.woff2]
[trangtran/templates/template135/fonts/bootstrap-iconsbf04.woff]
[trangtran/templates/template135/fonts/lgd641.eot]
[trangtran/templates/template135/fonts/lgd41d.eot]
[trangtran/templates/template135/fonts/lgd641.woff]
[trangtran/templates/template135/fonts/lgd641.ttf]
[trangtran/templates/template135/fonts/lgd641.svg]
[trangtran/templates/template135/img/vimeo-play.png]
[trangtran/templates/template135/img/video-play.png]
[trangtran/templates/template135/img/youtube-play.png]
[trangtran/templates/template135/img/loading.gif]
[trangtran/templates/template135/css/libs.css]
[cdn.biihappy.com/ziiweb/images/static/common/searchicon.png]
[trangtran/templates/template135/css/style.css]
[trangtran/common/calendar484d.css]
[cdn.jsdelivr.net/npm/bootstrap@5.2.0/dist/css/bootstrap.min.css]
[trangtran/album/heart.gif]
[trangtran/rsvp.html]
[trangtran/templates/template135/fonts/lgd641.svg]
[cdn.jsdelivr.net/npm/bootstrap@5.2.0/dist/css/bootstrap.min.css]
[trangtran/rsvp-template/script7625.js]
